

Started GET "/" for 192.168.33.1 at 2015-09-26 16:07:03 +0000
Cannot render console from 192.168.33.1! Allowed networks: 127.0.0.1, ::1, 127.0.0.0/127.255.255.255

Gem::LoadError (Specified 'mysql2' for database adapter, but the gem is not loaded. Add `gem 'mysql2'` to your Gemfile (and ensure its version is at the minimum required by ActiveRecord).):
  vendor/bundle/ruby/2.2.0/gems/activerecord-4.2.1/lib/active_record/connection_adapters/connection_specification.rb:177:in `rescue in spec'
  vendor/bundle/ruby/2.2.0/gems/activerecord-4.2.1/lib/active_record/connection_adapters/connection_specification.rb:174:in `spec'
  vendor/bundle/ruby/2.2.0/gems/activerecord-4.2.1/lib/active_record/connection_handling.rb:50:in `establish_connection'
  vendor/bundle/ruby/2.2.0/gems/activerecord-4.2.1/lib/active_record/railtie.rb:120:in `block (2 levels) in <class:Railtie>'
  vendor/bundle/ruby/2.2.0/gems/activesupport-4.2.1/lib/active_support/lazy_load_hooks.rb:38:in `instance_eval'
  vendor/bundle/ruby/2.2.0/gems/activesupport-4.2.1/lib/active_support/lazy_load_hooks.rb:38:in `execute_hook'
  vendor/bundle/ruby/2.2.0/gems/activesupport-4.2.1/lib/active_support/lazy_load_hooks.rb:45:in `block in run_load_hooks'
  vendor/bundle/ruby/2.2.0/gems/activesupport-4.2.1/lib/active_support/lazy_load_hooks.rb:44:in `each'
  vendor/bundle/ruby/2.2.0/gems/activesupport-4.2.1/lib/active_support/lazy_load_hooks.rb:44:in `run_load_hooks'
  vendor/bundle/ruby/2.2.0/gems/activerecord-4.2.1/lib/active_record/base.rb:316:in `<module:ActiveRecord>'
  vendor/bundle/ruby/2.2.0/gems/activerecord-4.2.1/lib/active_record/base.rb:26:in `<top (required)>'
  vendor/bundle/ruby/2.2.0/gems/activerecord-4.2.1/lib/active_record/migration.rb:384:in `connection'
  vendor/bundle/ruby/2.2.0/gems/activerecord-4.2.1/lib/active_record/migration.rb:371:in `call'
  vendor/bundle/ruby/2.2.0/gems/actionpack-4.2.1/lib/action_dispatch/middleware/callbacks.rb:29:in `block in call'
  vendor/bundle/ruby/2.2.0/gems/activesupport-4.2.1/lib/active_support/callbacks.rb:88:in `call'
  vendor/bundle/ruby/2.2.0/gems/activesupport-4.2.1/lib/active_support/callbacks.rb:88:in `_run_callbacks'
  vendor/bundle/ruby/2.2.0/gems/activesupport-4.2.1/lib/active_support/callbacks.rb:776:in `_run_call_callbacks'
  vendor/bundle/ruby/2.2.0/gems/activesupport-4.2.1/lib/active_support/callbacks.rb:81:in `run_callbacks'
  vendor/bundle/ruby/2.2.0/gems/actionpack-4.2.1/lib/action_dispatch/middleware/callbacks.rb:27:in `call'
  vendor/bundle/ruby/2.2.0/gems/actionpack-4.2.1/lib/action_dispatch/middleware/reloader.rb:73:in `call'
  vendor/bundle/ruby/2.2.0/gems/actionpack-4.2.1/lib/action_dispatch/middleware/remote_ip.rb:78:in `call'
  vendor/bundle/ruby/2.2.0/gems/actionpack-4.2.1/lib/action_dispatch/middleware/debug_exceptions.rb:17:in `call'
  vendor/bundle/ruby/2.2.0/gems/web-console-2.2.1/lib/web_console/middleware.rb:31:in `call'
  vendor/bundle/ruby/2.2.0/gems/actionpack-4.2.1/lib/action_dispatch/middleware/show_exceptions.rb:30:in `call'
  vendor/bundle/ruby/2.2.0/gems/railties-4.2.1/lib/rails/rack/logger.rb:38:in `call_app'
  vendor/bundle/ruby/2.2.0/gems/railties-4.2.1/lib/rails/rack/logger.rb:20:in `block in call'
  vendor/bundle/ruby/2.2.0/gems/activesupport-4.2.1/lib/active_support/tagged_logging.rb:68:in `block in tagged'
  vendor/bundle/ruby/2.2.0/gems/activesupport-4.2.1/lib/active_support/tagged_logging.rb:26:in `tagged'
  vendor/bundle/ruby/2.2.0/gems/activesupport-4.2.1/lib/active_support/tagged_logging.rb:68:in `tagged'
  vendor/bundle/ruby/2.2.0/gems/railties-4.2.1/lib/rails/rack/logger.rb:20:in `call'
  vendor/bundle/ruby/2.2.0/gems/actionpack-4.2.1/lib/action_dispatch/middleware/request_id.rb:21:in `call'
  vendor/bundle/ruby/2.2.0/gems/rack-1.6.4/lib/rack/methodoverride.rb:22:in `call'
  vendor/bundle/ruby/2.2.0/gems/rack-1.6.4/lib/rack/runtime.rb:18:in `call'
  vendor/bundle/ruby/2.2.0/gems/activesupport-4.2.1/lib/active_support/cache/strategy/local_cache_middleware.rb:28:in `call'
  vendor/bundle/ruby/2.2.0/gems/rack-1.6.4/lib/rack/lock.rb:17:in `call'
  vendor/bundle/ruby/2.2.0/gems/actionpack-4.2.1/lib/action_dispatch/middleware/static.rb:113:in `call'
  vendor/bundle/ruby/2.2.0/gems/rack-1.6.4/lib/rack/sendfile.rb:113:in `call'
  vendor/bundle/ruby/2.2.0/gems/railties-4.2.1/lib/rails/engine.rb:518:in `call'
  vendor/bundle/ruby/2.2.0/gems/railties-4.2.1/lib/rails/application.rb:164:in `call'
  vendor/bundle/ruby/2.2.0/gems/rack-1.6.4/lib/rack/lock.rb:17:in `call'
  vendor/bundle/ruby/2.2.0/gems/rack-1.6.4/lib/rack/content_length.rb:15:in `call'
  vendor/bundle/ruby/2.2.0/gems/rack-1.6.4/lib/rack/handler/webrick.rb:88:in `service'
  /usr/local/rbenv/versions/2.2.2/lib/ruby/2.2.0/webrick/httpserver.rb:138:in `service'
  /usr/local/rbenv/versions/2.2.2/lib/ruby/2.2.0/webrick/httpserver.rb:94:in `run'
  /usr/local/rbenv/versions/2.2.2/lib/ruby/2.2.0/webrick/server.rb:294:in `block in start_thread'


  Rendered vendor/bundle/ruby/2.2.0/gems/actionpack-4.2.1/lib/action_dispatch/middleware/templates/rescues/_source.erb (1.7ms)
  Rendered vendor/bundle/ruby/2.2.0/gems/actionpack-4.2.1/lib/action_dispatch/middleware/templates/rescues/_trace.html.erb (2.0ms)
  Rendered vendor/bundle/ruby/2.2.0/gems/actionpack-4.2.1/lib/action_dispatch/middleware/templates/rescues/_request_and_response.html.erb (0.8ms)
  Rendered vendor/bundle/ruby/2.2.0/gems/actionpack-4.2.1/lib/action_dispatch/middleware/templates/rescues/diagnostics.html.erb within rescues/layout (32.4ms)


Started GET "/" for 192.168.33.1 at 2015-09-26 16:11:36 +0000
Cannot render console from 192.168.33.1! Allowed networks: 127.0.0.1, ::1, 127.0.0.0/127.255.255.255

Mysql2::Error (Access denied for user 'root'@'localhost' (using password: NO)):
  vendor/bundle/ruby/2.2.0/gems/mysql2-0.3.20/lib/mysql2/client.rb:70:in `connect'
  vendor/bundle/ruby/2.2.0/gems/mysql2-0.3.20/lib/mysql2/client.rb:70:in `initialize'
  vendor/bundle/ruby/2.2.0/gems/activerecord-4.2.1/lib/active_record/connection_adapters/mysql2_adapter.rb:18:in `new'
  vendor/bundle/ruby/2.2.0/gems/activerecord-4.2.1/lib/active_record/connection_adapters/mysql2_adapter.rb:18:in `mysql2_connection'
  vendor/bundle/ruby/2.2.0/gems/activerecord-4.2.1/lib/active_record/connection_adapters/abstract/connection_pool.rb:438:in `new_connection'
  vendor/bundle/ruby/2.2.0/gems/activerecord-4.2.1/lib/active_record/connection_adapters/abstract/connection_pool.rb:448:in `checkout_new_connection'
  vendor/bundle/ruby/2.2.0/gems/activerecord-4.2.1/lib/active_record/connection_adapters/abstract/connection_pool.rb:422:in `acquire_connection'
  vendor/bundle/ruby/2.2.0/gems/activerecord-4.2.1/lib/active_record/connection_adapters/abstract/connection_pool.rb:349:in `block in checkout'
  /usr/local/rbenv/versions/2.2.2/lib/ruby/2.2.0/monitor.rb:211:in `mon_synchronize'
  vendor/bundle/ruby/2.2.0/gems/activerecord-4.2.1/lib/active_record/connection_adapters/abstract/connection_pool.rb:348:in `checkout'
  vendor/bundle/ruby/2.2.0/gems/activerecord-4.2.1/lib/active_record/connection_adapters/abstract/connection_pool.rb:263:in `block in connection'
  /usr/local/rbenv/versions/2.2.2/lib/ruby/2.2.0/monitor.rb:211:in `mon_synchronize'
  vendor/bundle/ruby/2.2.0/gems/activerecord-4.2.1/lib/active_record/connection_adapters/abstract/connection_pool.rb:262:in `connection'
  vendor/bundle/ruby/2.2.0/gems/activerecord-4.2.1/lib/active_record/connection_adapters/abstract/connection_pool.rb:567:in `retrieve_connection'
  vendor/bundle/ruby/2.2.0/gems/activerecord-4.2.1/lib/active_record/connection_handling.rb:113:in `retrieve_connection'
  vendor/bundle/ruby/2.2.0/gems/activerecord-4.2.1/lib/active_record/connection_handling.rb:87:in `connection'
  vendor/bundle/ruby/2.2.0/gems/activerecord-4.2.1/lib/active_record/migration.rb:384:in `connection'
  vendor/bundle/ruby/2.2.0/gems/activerecord-4.2.1/lib/active_record/migration.rb:371:in `call'
  vendor/bundle/ruby/2.2.0/gems/actionpack-4.2.1/lib/action_dispatch/middleware/callbacks.rb:29:in `block in call'
  vendor/bundle/ruby/2.2.0/gems/activesupport-4.2.1/lib/active_support/callbacks.rb:88:in `call'
  vendor/bundle/ruby/2.2.0/gems/activesupport-4.2.1/lib/active_support/callbacks.rb:88:in `_run_callbacks'
  vendor/bundle/ruby/2.2.0/gems/activesupport-4.2.1/lib/active_support/callbacks.rb:776:in `_run_call_callbacks'
  vendor/bundle/ruby/2.2.0/gems/activesupport-4.2.1/lib/active_support/callbacks.rb:81:in `run_callbacks'
  vendor/bundle/ruby/2.2.0/gems/actionpack-4.2.1/lib/action_dispatch/middleware/callbacks.rb:27:in `call'
  vendor/bundle/ruby/2.2.0/gems/actionpack-4.2.1/lib/action_dispatch/middleware/reloader.rb:73:in `call'
  vendor/bundle/ruby/2.2.0/gems/actionpack-4.2.1/lib/action_dispatch/middleware/remote_ip.rb:78:in `call'
  vendor/bundle/ruby/2.2.0/gems/actionpack-4.2.1/lib/action_dispatch/middleware/debug_exceptions.rb:17:in `call'
  vendor/bundle/ruby/2.2.0/gems/web-console-2.2.1/lib/web_console/middleware.rb:31:in `call'
  vendor/bundle/ruby/2.2.0/gems/actionpack-4.2.1/lib/action_dispatch/middleware/show_exceptions.rb:30:in `call'
  vendor/bundle/ruby/2.2.0/gems/railties-4.2.1/lib/rails/rack/logger.rb:38:in `call_app'
  vendor/bundle/ruby/2.2.0/gems/railties-4.2.1/lib/rails/rack/logger.rb:20:in `block in call'
  vendor/bundle/ruby/2.2.0/gems/activesupport-4.2.1/lib/active_support/tagged_logging.rb:68:in `block in tagged'
  vendor/bundle/ruby/2.2.0/gems/activesupport-4.2.1/lib/active_support/tagged_logging.rb:26:in `tagged'
  vendor/bundle/ruby/2.2.0/gems/activesupport-4.2.1/lib/active_support/tagged_logging.rb:68:in `tagged'
  vendor/bundle/ruby/2.2.0/gems/railties-4.2.1/lib/rails/rack/logger.rb:20:in `call'
  vendor/bundle/ruby/2.2.0/gems/actionpack-4.2.1/lib/action_dispatch/middleware/request_id.rb:21:in `call'
  vendor/bundle/ruby/2.2.0/gems/rack-1.6.4/lib/rack/methodoverride.rb:22:in `call'
  vendor/bundle/ruby/2.2.0/gems/rack-1.6.4/lib/rack/runtime.rb:18:in `call'
  vendor/bundle/ruby/2.2.0/gems/activesupport-4.2.1/lib/active_support/cache/strategy/local_cache_middleware.rb:28:in `call'
  vendor/bundle/ruby/2.2.0/gems/rack-1.6.4/lib/rack/lock.rb:17:in `call'
  vendor/bundle/ruby/2.2.0/gems/actionpack-4.2.1/lib/action_dispatch/middleware/static.rb:113:in `call'
  vendor/bundle/ruby/2.2.0/gems/rack-1.6.4/lib/rack/sendfile.rb:113:in `call'
  vendor/bundle/ruby/2.2.0/gems/railties-4.2.1/lib/rails/engine.rb:518:in `call'
  vendor/bundle/ruby/2.2.0/gems/railties-4.2.1/lib/rails/application.rb:164:in `call'
  vendor/bundle/ruby/2.2.0/gems/rack-1.6.4/lib/rack/lock.rb:17:in `call'
  vendor/bundle/ruby/2.2.0/gems/rack-1.6.4/lib/rack/content_length.rb:15:in `call'
  vendor/bundle/ruby/2.2.0/gems/rack-1.6.4/lib/rack/handler/webrick.rb:88:in `service'
  /usr/local/rbenv/versions/2.2.2/lib/ruby/2.2.0/webrick/httpserver.rb:138:in `service'
  /usr/local/rbenv/versions/2.2.2/lib/ruby/2.2.0/webrick/httpserver.rb:94:in `run'
  /usr/local/rbenv/versions/2.2.2/lib/ruby/2.2.0/webrick/server.rb:294:in `block in start_thread'


  Rendered vendor/bundle/ruby/2.2.0/gems/actionpack-4.2.1/lib/action_dispatch/middleware/templates/rescues/_source.erb (2.2ms)
  Rendered vendor/bundle/ruby/2.2.0/gems/actionpack-4.2.1/lib/action_dispatch/middleware/templates/rescues/_trace.html.erb (1.8ms)
  Rendered vendor/bundle/ruby/2.2.0/gems/actionpack-4.2.1/lib/action_dispatch/middleware/templates/rescues/_request_and_response.html.erb (0.9ms)
  Rendered vendor/bundle/ruby/2.2.0/gems/actionpack-4.2.1/lib/action_dispatch/middleware/templates/rescues/diagnostics.html.erb within rescues/layout (18.4ms)


Started GET "/" for 192.168.33.1 at 2015-09-26 16:13:12 +0000
Cannot render console from 192.168.33.1! Allowed networks: 127.0.0.1, ::1, 127.0.0.0/127.255.255.255

ActiveRecord::NoDatabaseError (Unknown database 'bookapi_development'):
  vendor/bundle/ruby/2.2.0/gems/activerecord-4.2.1/lib/active_record/connection_adapters/mysql2_adapter.rb:23:in `rescue in mysql2_connection'
  vendor/bundle/ruby/2.2.0/gems/activerecord-4.2.1/lib/active_record/connection_adapters/mysql2_adapter.rb:10:in `mysql2_connection'
  vendor/bundle/ruby/2.2.0/gems/activerecord-4.2.1/lib/active_record/connection_adapters/abstract/connection_pool.rb:438:in `new_connection'
  vendor/bundle/ruby/2.2.0/gems/activerecord-4.2.1/lib/active_record/connection_adapters/abstract/connection_pool.rb:448:in `checkout_new_connection'
  vendor/bundle/ruby/2.2.0/gems/activerecord-4.2.1/lib/active_record/connection_adapters/abstract/connection_pool.rb:422:in `acquire_connection'
  vendor/bundle/ruby/2.2.0/gems/activerecord-4.2.1/lib/active_record/connection_adapters/abstract/connection_pool.rb:349:in `block in checkout'
  /usr/local/rbenv/versions/2.2.2/lib/ruby/2.2.0/monitor.rb:211:in `mon_synchronize'
  vendor/bundle/ruby/2.2.0/gems/activerecord-4.2.1/lib/active_record/connection_adapters/abstract/connection_pool.rb:348:in `checkout'
  vendor/bundle/ruby/2.2.0/gems/activerecord-4.2.1/lib/active_record/connection_adapters/abstract/connection_pool.rb:263:in `block in connection'
  /usr/local/rbenv/versions/2.2.2/lib/ruby/2.2.0/monitor.rb:211:in `mon_synchronize'
  vendor/bundle/ruby/2.2.0/gems/activerecord-4.2.1/lib/active_record/connection_adapters/abstract/connection_pool.rb:262:in `connection'
  vendor/bundle/ruby/2.2.0/gems/activerecord-4.2.1/lib/active_record/connection_adapters/abstract/connection_pool.rb:567:in `retrieve_connection'
  vendor/bundle/ruby/2.2.0/gems/activerecord-4.2.1/lib/active_record/connection_handling.rb:113:in `retrieve_connection'
  vendor/bundle/ruby/2.2.0/gems/activerecord-4.2.1/lib/active_record/connection_handling.rb:87:in `connection'
  vendor/bundle/ruby/2.2.0/gems/activerecord-4.2.1/lib/active_record/migration.rb:384:in `connection'
  vendor/bundle/ruby/2.2.0/gems/activerecord-4.2.1/lib/active_record/migration.rb:371:in `call'
  vendor/bundle/ruby/2.2.0/gems/actionpack-4.2.1/lib/action_dispatch/middleware/callbacks.rb:29:in `block in call'
  vendor/bundle/ruby/2.2.0/gems/activesupport-4.2.1/lib/active_support/callbacks.rb:88:in `call'
  vendor/bundle/ruby/2.2.0/gems/activesupport-4.2.1/lib/active_support/callbacks.rb:88:in `_run_callbacks'
  vendor/bundle/ruby/2.2.0/gems/activesupport-4.2.1/lib/active_support/callbacks.rb:776:in `_run_call_callbacks'
  vendor/bundle/ruby/2.2.0/gems/activesupport-4.2.1/lib/active_support/callbacks.rb:81:in `run_callbacks'
  vendor/bundle/ruby/2.2.0/gems/actionpack-4.2.1/lib/action_dispatch/middleware/callbacks.rb:27:in `call'
  vendor/bundle/ruby/2.2.0/gems/actionpack-4.2.1/lib/action_dispatch/middleware/reloader.rb:73:in `call'
  vendor/bundle/ruby/2.2.0/gems/actionpack-4.2.1/lib/action_dispatch/middleware/remote_ip.rb:78:in `call'
  vendor/bundle/ruby/2.2.0/gems/actionpack-4.2.1/lib/action_dispatch/middleware/debug_exceptions.rb:17:in `call'
  vendor/bundle/ruby/2.2.0/gems/web-console-2.2.1/lib/web_console/middleware.rb:31:in `call'
  vendor/bundle/ruby/2.2.0/gems/actionpack-4.2.1/lib/action_dispatch/middleware/show_exceptions.rb:30:in `call'
  vendor/bundle/ruby/2.2.0/gems/railties-4.2.1/lib/rails/rack/logger.rb:38:in `call_app'
  vendor/bundle/ruby/2.2.0/gems/railties-4.2.1/lib/rails/rack/logger.rb:20:in `block in call'
  vendor/bundle/ruby/2.2.0/gems/activesupport-4.2.1/lib/active_support/tagged_logging.rb:68:in `block in tagged'
  vendor/bundle/ruby/2.2.0/gems/activesupport-4.2.1/lib/active_support/tagged_logging.rb:26:in `tagged'
  vendor/bundle/ruby/2.2.0/gems/activesupport-4.2.1/lib/active_support/tagged_logging.rb:68:in `tagged'
  vendor/bundle/ruby/2.2.0/gems/railties-4.2.1/lib/rails/rack/logger.rb:20:in `call'
  vendor/bundle/ruby/2.2.0/gems/actionpack-4.2.1/lib/action_dispatch/middleware/request_id.rb:21:in `call'
  vendor/bundle/ruby/2.2.0/gems/rack-1.6.4/lib/rack/methodoverride.rb:22:in `call'
  vendor/bundle/ruby/2.2.0/gems/rack-1.6.4/lib/rack/runtime.rb:18:in `call'
  vendor/bundle/ruby/2.2.0/gems/activesupport-4.2.1/lib/active_support/cache/strategy/local_cache_middleware.rb:28:in `call'
  vendor/bundle/ruby/2.2.0/gems/rack-1.6.4/lib/rack/lock.rb:17:in `call'
  vendor/bundle/ruby/2.2.0/gems/actionpack-4.2.1/lib/action_dispatch/middleware/static.rb:113:in `call'
  vendor/bundle/ruby/2.2.0/gems/rack-1.6.4/lib/rack/sendfile.rb:113:in `call'
  vendor/bundle/ruby/2.2.0/gems/railties-4.2.1/lib/rails/engine.rb:518:in `call'
  vendor/bundle/ruby/2.2.0/gems/railties-4.2.1/lib/rails/application.rb:164:in `call'
  vendor/bundle/ruby/2.2.0/gems/rack-1.6.4/lib/rack/lock.rb:17:in `call'
  vendor/bundle/ruby/2.2.0/gems/rack-1.6.4/lib/rack/content_length.rb:15:in `call'
  vendor/bundle/ruby/2.2.0/gems/rack-1.6.4/lib/rack/handler/webrick.rb:88:in `service'
  /usr/local/rbenv/versions/2.2.2/lib/ruby/2.2.0/webrick/httpserver.rb:138:in `service'
  /usr/local/rbenv/versions/2.2.2/lib/ruby/2.2.0/webrick/httpserver.rb:94:in `run'
  /usr/local/rbenv/versions/2.2.2/lib/ruby/2.2.0/webrick/server.rb:294:in `block in start_thread'


  Rendered vendor/bundle/ruby/2.2.0/gems/actionpack-4.2.1/lib/action_dispatch/middleware/templates/rescues/_source.erb (2.6ms)
  Rendered vendor/bundle/ruby/2.2.0/gems/actionpack-4.2.1/lib/action_dispatch/middleware/templates/rescues/_trace.html.erb (1.4ms)
  Rendered vendor/bundle/ruby/2.2.0/gems/actionpack-4.2.1/lib/action_dispatch/middleware/templates/rescues/_request_and_response.html.erb (1.0ms)
  Rendered vendor/bundle/ruby/2.2.0/gems/actionpack-4.2.1/lib/action_dispatch/middleware/templates/rescues/diagnostics.html.erb within rescues/layout (19.4ms)


Started GET "/" for 192.168.33.1 at 2015-09-26 16:15:08 +0000
Cannot render console from 192.168.33.1! Allowed networks: 127.0.0.1, ::1, 127.0.0.0/127.255.255.255
Processing by Rails::WelcomeController#index as HTML
  Rendered vendor/bundle/ruby/2.2.0/gems/railties-4.2.1/lib/rails/templates/rails/welcome/index.html.erb (1.5ms)
Completed 200 OK in 25ms (Views: 10.2ms | ActiveRecord: 0.0ms)
